Error fetching document with ID news·20000121·LF·172452402: Error 404: {"error":"invalid_document","error_description":"No document could be found matching the id."}
Error fetching document with ID news·20010308·LF·175972301: Error 404: {"error":"invalid_document","error_description":"No document could be found matching the id."}
Error fetching document with ID news·20020407·SH·0apr7_txt0044: Error 404: {"error":"invalid_document","error_description":"No document could be found matching the id."}
Error fetching document with ID news·20040313·LE·49638: Error 404: {"error":"invalid_document","error_description":"No document could be found matching the id."}
Error fetching document with ID news·20061111·OP·0611110118: Error 404: {"error":"invalid_document","error_description":"No document could be found matching the id."}
Error fetching document with ID news·20070322·OR·0703220839: Error 404: {"error":"invalid_document","error_description":"No document could be found matching the id."}
Error fetching document with ID news·20070823·OP·0708230241: Error 404: {"error":"invalid_document","error_description":"No document could be found matching the id."}
Error fetching document with ID news·20080524·ZL·0083: Error 404: {"error":"invalid_document","error_description":"No document could be found matching the id."}
Error fetching document with ID news·20080629·OP·0806290141: Error 404: {"error":"invalid_document","error_description":"No document could be found matching the id."}
Error fetching document with ID news·20081111·OP·08111135696432: Error 404: {"error":"invalid_document","error_description":"No document could be found matching the id."}
Error fetching document with ID news·20080913·ZL·0104: Error 404: {"error":"invalid_document","error_description":"No document could be found matching the id."}
Error fetching document with ID news·20081112·OP·08111235699588: Error 404: {"error":"invalid_document","error_description":"No document could be found matching the id."}
Error fetching document with ID news·20111123·OR·111123214141887: Error 404: {"error":"invalid_document","error_description":"No document could be found matching the id."}
Error fetching document with ID news·20121019·OP·121019264082576: Error 404: {"error":"invalid_document","error_description":"No document could be found matching the id."}
Error fetching document with ID news·20130405·OR·130405287118399: Error 404: {"error":"invalid_document","error_description":"No document could be found matching the id."}
Error fetching document with ID news·20130812·OP·130812188842161: Error 404: {"error":"invalid_document","error_description":"No document could be found matching the id."}
Error fetching document with ID news·20131024·OP·131024204441169: Error 404: {"error":"invalid_document","error_description":"No document could be found matching the id."}
Error fetching document with ID news·20000121·LF·172452402: Error 404: {"error":"invalid_document","error_description":"No document could be found matching the id."}
Error fetching document with ID news·20010308·LF·175972301: Error 404: {"error":"invalid_document","error_description":"No document could be found matching the id."}
Error fetching document with ID news·20020407·SH·0apr7_txt0044: Error 404: {"error":"invalid_document","error_description":"No document could be found matching the id."}
Error fetching document with ID news·20000121·LF·172452402: Error 404: {"error":"invalid_document","error_description":"No document could be found matching the id."}
Error fetching document with ID news·20010308·LF·175972301: Error 404: {"error":"invalid_document","error_description":"No document could be found matching the id."}
Error fetching document with ID news·20020407·SH·0apr7_txt0044: Error 404: {"error":"invalid_document","error_description":"No document could be found matching the id."}
Error fetching document with ID news·20000121·LF·172452402: Error 404: {"error":"invalid_document","error_description":"No document could be found matching the id."}
Error fetching document with ID news·20010308·LF·175972301: Error 404: {"error":"invalid_document","error_description":"No document could be found matching the id."}
Error fetching document with ID news·20020407·SH·0apr7_txt0044: Error 404: {"error":"invalid_document","error_description":"No document could be found matching the id."}
Error fetching document with ID news·20000121·LF·172452402: Error 404: {"error":"invalid_document","error_description":"No document could be found matching the id."}
Error fetching document with ID news·20010308·LF·175972301: Error 404: {"error":"invalid_document","error_description":"No document could be found matching the id."}
Error fetching document with ID news·20000121·LF·172452402: Error 404: {"error":"invalid_document","error_description":"No document could be found matching the id."}
Error fetching document with ID news·20001024·PR·680655: Error 404: {"error":"invalid_document","error_description":"No document could be found matching the id."}
Error fetching document with ID news·20010308·LF·175972301: Error 404: {"error":"invalid_document","error_description":"No document could be found matching the id."}
Error fetching document with ID news·20010304·SH·0000: Error 404: {"error":"invalid_document","error_description":"No document could be found matching the id."}
Error fetching document with ID news·20000121·LF·172452402: Error 404: {"error":"invalid_document","error_description":"No document could be found matching the id."}
Error fetching document with ID news·20001024·PR·680655: Error 404: {"error":"invalid_document","error_description":"No document could be found matching the id."}
Error fetching document with ID news·20010308·LF·175972301: Error 404: {"error":"invalid_document","error_description":"No document could be found matching the id."}
Error fetching document with ID news·20010304·SH·0000: Error 404: {"error":"invalid_document","error_description":"No document could be found matching the id."}
Error fetching document with ID news·20010909·PR·1190007: Error 404: {"error":"invalid_document","error_description":"No document could be found matching the id."}
Error fetching document with ID news·20011230·SH·2301: Error 404: {"error":"invalid_document","error_description":"No document could be found matching the id."}
Error fetching document with ID news·20020407·SH·0apr7_txt0044: Error 404: {"error":"invalid_document","error_description":"No document could be found matching the id."}
Error fetching document with ID news·20020406·HH·0apr6_txt0099: Error 404: {"error":"invalid_document","error_description":"No document could be found matching the id."}
